0 info it worked if it ends with ok
1 verbose cli [ '/usr/bin/nodejs',
1 verbose cli   '/usr/bin/npm',
1 verbose cli   'install',
1 verbose cli   '--save-dev',
1 verbose cli   'es2015' ]
2 info using npm@2.15.8
3 info using node@v4.4.7
4 verbose install initial load of /home/keitak/IdeaProjects/instance-cafe-front/package.json
5 warn package.json instance-cafe-front@1.0.0 No README data
6 warn package.json instance-cafe-front@1.0.0 license should be a valid SPDX license expression
7 verbose installManyTop reading scoped package data from /home/keitak/IdeaProjects/instance-cafe-front/node_modules/babel/package.json
8 verbose installManyTop reading scoped package data from /home/keitak/IdeaProjects/instance-cafe-front/node_modules/babel-core/package.json
9 verbose installManyTop reading scoped package data from /home/keitak/IdeaProjects/instance-cafe-front/node_modules/babel-loader/package.json
10 verbose installManyTop reading scoped package data from /home/keitak/IdeaProjects/instance-cafe-front/node_modules/babel-preset-react/package.json
11 verbose installManyTop reading scoped package data from /home/keitak/IdeaProjects/instance-cafe-front/node_modules/browserify/package.json
12 verbose installManyTop reading scoped package data from /home/keitak/IdeaProjects/instance-cafe-front/node_modules/jquery/package.json
13 verbose installManyTop reading scoped package data from /home/keitak/IdeaProjects/instance-cafe-front/node_modules/react/package.json
14 verbose installManyTop reading scoped package data from /home/keitak/IdeaProjects/instance-cafe-front/node_modules/reactify/package.json
15 verbose installManyTop reading scoped package data from /home/keitak/IdeaProjects/instance-cafe-front/node_modules/webpack/package.json
16 verbose installManyTop reading scoped package data from /home/keitak/IdeaProjects/instance-cafe-front/node_modules/webpack-dev-server/package.json
17 verbose readDependencies loading dependencies from /home/keitak/IdeaProjects/instance-cafe-front/package.json
18 silly cache add args [ 'es2015', null ]
19 verbose cache add spec es2015
20 silly cache add parsed spec Result {
20 silly cache add   raw: 'es2015',
20 silly cache add   scope: null,
20 silly cache add   name: 'es2015',
20 silly cache add   rawSpec: '',
20 silly cache add   spec: 'latest',
20 silly cache add   type: 'tag' }
21 silly addNamed es2015@latest
22 verbose addNamed "latest" is being treated as a dist-tag for es2015
23 info addNameTag [ 'es2015', 'latest' ]
24 silly mapToRegistry name es2015
25 silly mapToRegistry using default registry
26 silly mapToRegistry registry https://registry.npmjs.org/
27 silly mapToRegistry data Result {
27 silly mapToRegistry   raw: 'es2015',
27 silly mapToRegistry   scope: null,
27 silly mapToRegistry   name: 'es2015',
27 silly mapToRegistry   rawSpec: '',
27 silly mapToRegistry   spec: 'latest',
27 silly mapToRegistry   type: 'tag' }
28 silly mapToRegistry uri https://registry.npmjs.org/es2015
29 verbose addNameTag registry:https://registry.npmjs.org/es2015 not in flight; fetching
30 verbose request uri https://registry.npmjs.org/es2015
31 verbose request no auth needed
32 info attempt registry request try #1 at 7:30:49 PM
33 verbose request id c818790e672f014d
34 http request GET https://registry.npmjs.org/es2015
35 http 404 https://registry.npmjs.org/es2015
36 verbose headers { server: 'CouchDB/1.5.0 (Erlang OTP/R16B03)',
36 verbose headers   etag: '"EBY4CKHCQ7WAOHR1HB5CSYHGW"',
36 verbose headers   'content-type': 'application/json',
36 verbose headers   'cache-control': 'max-age=0',
36 verbose headers   'content-length': '384',
36 verbose headers   'accept-ranges': 'bytes',
36 verbose headers   date: 'Fri, 08 Jul 2016 10:30:50 GMT',
36 verbose headers   via: '1.1 varnish',
36 verbose headers   age: '0',
36 verbose headers   connection: 'keep-alive',
36 verbose headers   'x-served-by': 'cache-itm7421-ITM',
36 verbose headers   'x-cache': 'MISS',
36 verbose headers   'x-cache-hits': '0',
36 verbose headers   'x-timer': 'S1467973849.391385,VS0,VE705',
36 verbose headers   vary: 'Accept-Encoding' }
37 silly get cb [ 404,
37 silly get   { server: 'CouchDB/1.5.0 (Erlang OTP/R16B03)',
37 silly get     etag: '"EBY4CKHCQ7WAOHR1HB5CSYHGW"',
37 silly get     'content-type': 'application/json',
37 silly get     'cache-control': 'max-age=0',
37 silly get     'content-length': '384',
37 silly get     'accept-ranges': 'bytes',
37 silly get     date: 'Fri, 08 Jul 2016 10:30:50 GMT',
37 silly get     via: '1.1 varnish',
37 silly get     age: '0',
37 silly get     connection: 'keep-alive',
37 silly get     'x-served-by': 'cache-itm7421-ITM',
37 silly get     'x-cache': 'MISS',
37 silly get     'x-cache-hits': '0',
37 silly get     'x-timer': 'S1467973849.391385,VS0,VE705',
37 silly get     vary: 'Accept-Encoding' } ]
38 verbose stack Error: Registry returned 404 for GET on https://registry.npmjs.org/es2015
38 verbose stack     at makeError (/usr/lib/node_modules/npm/node_modules/npm-registry-client/lib/request.js:264:12)
38 verbose stack     at CachingRegistryClient.<anonymous> (/usr/lib/node_modules/npm/node_modules/npm-registry-client/lib/request.js:242:14)
38 verbose stack     at Request._callback (/usr/lib/node_modules/npm/node_modules/npm-registry-client/lib/request.js:172:14)
38 verbose stack     at Request.self.callback (/usr/lib/node_modules/npm/node_modules/request/request.js:200:22)
38 verbose stack     at emitTwo (events.js:87:13)
38 verbose stack     at Request.emit (events.js:172:7)
38 verbose stack     at Request.<anonymous> (/usr/lib/node_modules/npm/node_modules/request/request.js:1067:10)
38 verbose stack     at emitOne (events.js:82:20)
38 verbose stack     at Request.emit (events.js:169:7)
38 verbose stack     at IncomingMessage.<anonymous> (/usr/lib/node_modules/npm/node_modules/request/request.js:988:12)
39 verbose statusCode 404
40 verbose pkgid es2015
41 verbose cwd /home/keitak/IdeaProjects/instance-cafe-front
42 error Linux 3.13.0-91-generic
43 error argv "/usr/bin/nodejs" "/usr/bin/npm" "install" "--save-dev" "es2015"
44 error node v4.4.7
45 error npm  v2.15.8
46 error code E404
47 error 404 Registry returned 404 for GET on https://registry.npmjs.org/es2015
47 error 404
47 error 404 'es2015' is not in the npm registry.
47 error 404 You should bug the author to publish it (or use the name yourself!)
47 error 404 It was specified as a dependency of 'instance-cafe-front'
47 error 404
47 error 404 Note that you can also install from a
47 error 404 tarball, folder, http url, or git url.
48 verbose exit [ 1, true ]
